This is pdfTeX, Version 3.14159265-2.6-1.40.19 (MiKTeX 2.9.6930 64-bit) (preloaded format=pdflatex 2019.2.9)  2 OCT 2019 18:39
entering extended mode
**./Entrega1.1SI.tex
(Entrega1.1SI.tex
LaTeX2e <2018-12-01>

("A:\Users\Sergamar\AppData\Local\Programs\MiKTeX 2.9\tex/latex/base\article.cl
s"
Document Class: article 2018/09/03 v1.4i Standard LaTeX document class
("A:\Users\Sergamar\AppData\Local\Programs\MiKTeX 2.9\tex/latex/base\size10.clo
"
File: size10.clo 2018/09/03 v1.4i Standard LaTeX file (size option)
)
\c@part=\count80
\c@section=\count81
\c@subsection=\count82
\c@subsubsection=\count83
\c@paragraph=\count84
\c@subparagraph=\count85
\c@figure=\count86
\c@table=\count87
\abovecaptionskip=\skip41
\belowcaptionskip=\skip42
\bibindent=\dimen102
)
("A:\Users\Sergamar\AppData\Local\Programs\MiKTeX 2.9\tex/latex/graphics\graphi
cx.sty"
Package: graphicx 2017/06/01 v1.1a Enhanced LaTeX Graphics (DPC,SPQR)

("A:\Users\Sergamar\AppData\Local\Programs\MiKTeX 2.9\tex/latex/graphics\keyval
.sty"
Package: keyval 2014/10/28 v1.15 key=value parser (DPC)
\KV@toks@=\toks14
)
("A:\Users\Sergamar\AppData\Local\Programs\MiKTeX 2.9\tex/latex/graphics\graphi
cs.sty"
Package: graphics 2017/06/25 v1.2c Standard LaTeX Graphics (DPC,SPQR)

("A:\Users\Sergamar\AppData\Local\Programs\MiKTeX 2.9\tex/latex/graphics\trig.s
ty"
Package: trig 2016/01/03 v1.10 sin cos tan (DPC)
)
("A:\Users\Sergamar\AppData\Local\Programs\MiKTeX 2.9\tex/latex/graphics-cfg\gr
aphics.cfg"
File: graphics.cfg 2016/06/04 v1.11 sample graphics configuration
)
Package graphics Info: Driver file: pdftex.def on input line 99.

("A:\Users\Sergamar\AppData\Local\Programs\MiKTeX 2.9\tex/latex/graphics-def\pd
ftex.def"
File: pdftex.def 2018/01/08 v1.0l Graphics/color driver for pdftex
))
\Gin@req@height=\dimen103
\Gin@req@width=\dimen104
)
("A:\Users\Sergamar\AppData\Local\Programs\MiKTeX 2.9\tex/latex/base\inputenc.s
ty"
Package: inputenc 2018/08/11 v1.3c Input encoding file
\inpenc@prehook=\toks15
\inpenc@posthook=\toks16
)
("A:\Users\Sergamar\AppData\Local\Programs\MiKTeX 2.9\tex/generic/babel\babel.s
ty"
Package: babel 2018/11/13 3.27 The Babel package

("A:\Users\Sergamar\AppData\Local\Programs\MiKTeX 2.9\tex/generic/babel\switch.
def"
File: switch.def 2018/11/13 3.27 Babel switching mechanism
)
*************************************
* Local config file bblopts.cfg used
*

("A:\Users\Sergamar\AppData\Local\Programs\MiKTeX 2.9\tex/latex/arabi\bblopts.c
fg"
File: bblopts.cfg 2005/09/08 v0.1 add Arabic and Farsi to "declared" options of
 babel
)
("A:\Users\Sergamar\AppData\Local\Programs\MiKTeX 2.9\tex/latex/babel-spanish\s
panish.ldf"
Language: spanish.ldf 2016/03/03 v5.0p Spanish support from the babel system

("A:\Users\Sergamar\AppData\Local\Programs\MiKTeX 2.9\tex/generic/babel\babel.d
ef"
File: babel.def 2018/11/13 3.27 Babel common definitions
\babel@savecnt=\count88
\U@D=\dimen105

("A:\Users\Sergamar\AppData\Local\Programs\MiKTeX 2.9\tex/generic/babel\txtbabe
l.def")
\bbl@dirlevel=\count89
)
\es@quottoks=\toks17
\es@quotdepth=\count90
Package babel Info: Making " an active character on input line 561.
Package babel Info: Making . an active character on input line 662.
Package babel Info: Making < an active character on input line 707.
Package babel Info: Making > an active character on input line 707.
))
("A:\Users\Sergamar\AppData\Local\Programs\MiKTeX 2.9\tex/latex/hyperref\hyperr
ef.sty"
Package: hyperref 2018/11/30 v6.88e Hypertext links for LaTeX

("A:\Users\Sergamar\AppData\Local\Programs\MiKTeX 2.9\tex/generic/oberdiek\hobs
ub-hyperref.sty"
Package: hobsub-hyperref 2016/05/16 v1.14 Bundle oberdiek, subset hyperref (HO)


("A:\Users\Sergamar\AppData\Local\Programs\MiKTeX 2.9\tex/generic/oberdiek\hobs
ub-generic.sty"
Package: hobsub-generic 2016/05/16 v1.14 Bundle oberdiek, subset generic (HO)
Package: hobsub 2016/05/16 v1.14 Construct package bundles (HO)
Package: infwarerr 2016/05/16 v1.4 Providing info/warning/error messages (HO)
Package: ltxcmds 2016/05/16 v1.23 LaTeX kernel commands for general use (HO)
Package: ifluatex 2016/05/16 v1.4 Provides the ifluatex switch (HO)
Package ifluatex Info: LuaTeX not detected.
Package: ifvtex 2016/05/16 v1.6 Detect VTeX and its facilities (HO)
Package ifvtex Info: VTeX not detected.
Package: intcalc 2016/05/16 v1.2 Expandable calculations with integers (HO)
Package: ifpdf 2018/09/07 v3.3 Provides the ifpdf switch
Package: etexcmds 2016/05/16 v1.6 Avoid name clashes with e-TeX commands (HO)
Package: kvsetkeys 2016/05/16 v1.17 Key value parser (HO)
Package: kvdefinekeys 2016/05/16 v1.4 Define keys (HO)
Package: pdftexcmds 2018/09/10 v0.29 Utility functions of pdfTeX for LuaTeX (HO
)
Package pdftexcmds Info: LuaTeX not detected.
Package pdftexcmds Info: \pdf@primitive is available.
Package pdftexcmds Info: \pdf@ifprimitive is available.
Package pdftexcmds Info: \pdfdraftmode found.
Package: pdfescape 2016/05/16 v1.14 Implements pdfTeX's escape features (HO)
Package: bigintcalc 2016/05/16 v1.4 Expandable calculations on big integers (HO
)
Package: bitset 2016/05/16 v1.2 Handle bit-vector datatype (HO)
Package: uniquecounter 2016/05/16 v1.3 Provide unlimited unique counter (HO)
)
Package hobsub Info: Skipping package `hobsub' (already loaded).
Package: letltxmacro 2016/05/16 v1.5 Let assignment for LaTeX macros (HO)
Package: hopatch 2016/05/16 v1.3 Wrapper for package hooks (HO)
Package: xcolor-patch 2016/05/16 xcolor patch
Package: atveryend 2016/05/16 v1.9 Hooks at the very end of document (HO)
Package atveryend Info: \enddocument detected (standard20110627).
Package: atbegshi 2016/06/09 v1.18 At begin shipout hook (HO)
Package: refcount 2016/05/16 v3.5 Data extraction from label references (HO)
Package: hycolor 2016/05/16 v1.8 Color options for hyperref/bookmark (HO)
)
("A:\Users\Sergamar\AppData\Local\Programs\MiKTeX 2.9\tex/generic/ifxetex\ifxet
ex.sty"
Package: ifxetex 2010/09/12 v0.6 Provides ifxetex conditional
)
("A:\Users\Sergamar\AppData\Local\Programs\MiKTeX 2.9\tex/latex/oberdiek\auxhoo
k.sty"
Package: auxhook 2016/05/16 v1.4 Hooks for auxiliary files (HO)
)
("A:\Users\Sergamar\AppData\Local\Programs\MiKTeX 2.9\tex/latex/oberdiek\kvopti
ons.sty"
Package: kvoptions 2016/05/16 v3.12 Key value format for package options (HO)
)
\@linkdim=\dimen106
\Hy@linkcounter=\count91
\Hy@pagecounter=\count92

("A:\Users\Sergamar\AppData\Local\Programs\MiKTeX 2.9\tex/latex/hyperref\pd1enc
.def"
File: pd1enc.def 2018/11/30 v6.88e Hyperref: PDFDocEncoding definition (HO)
Now handling font encoding PD1 ...
... no UTF-8 mapping file for font encoding PD1
)
\Hy@SavedSpaceFactor=\count93

("A:\Users\Sergamar\AppData\Local\Programs\MiKTeX 2.9\tex/latex/00miktex\hyperr
ef.cfg"
File: hyperref.cfg 2002/06/06 v1.2 hyperref configuration of TeXLive
)
Package hyperref Info: Hyper figures OFF on input line 4519.
Package hyperref Info: Link nesting OFF on input line 4524.
Package hyperref Info: Hyper index ON on input line 4527.
Package hyperref Info: Plain pages OFF on input line 4534.
Package hyperref Info: Backreferencing OFF on input line 4539.
Package hyperref Info: Implicit mode ON; LaTeX internals redefined.
Package hyperref Info: Bookmarks ON on input line 4772.
\c@Hy@tempcnt=\count94

("A:\Users\Sergamar\AppData\Local\Programs\MiKTeX 2.9\tex/latex/url\url.sty"
\Urlmuskip=\muskip10
Package: url 2013/09/16  ver 3.4  Verb mode for urls, etc.
)
LaTeX Info: Redefining \url on input line 5125.
\XeTeXLinkMargin=\dimen107
\Fld@menulength=\count95
\Field@Width=\dimen108
\Fld@charsize=\dimen109
Package hyperref Info: Hyper figures OFF on input line 6380.
Package hyperref Info: Link nesting OFF on input line 6385.
Package hyperref Info: Hyper index ON on input line 6388.
Package hyperref Info: backreferencing OFF on input line 6395.
Package hyperref Info: Link coloring OFF on input line 6400.
Package hyperref Info: Link coloring with OCG OFF on input line 6405.
Package hyperref Info: PDF/A mode OFF on input line 6410.
LaTeX Info: Redefining \ref on input line 6450.
LaTeX Info: Redefining \pageref on input line 6454.
\Hy@abspage=\count96
\c@Item=\count97
\c@Hfootnote=\count98
)
Package hyperref Info: Driver (autodetected): hpdftex.

("A:\Users\Sergamar\AppData\Local\Programs\MiKTeX 2.9\tex/latex/hyperref\hpdfte
x.def"
File: hpdftex.def 2018/11/30 v6.88e Hyperref driver for pdfTeX
\Fld@listcount=\count99
\c@bookmark@seq@number=\count100

("A:\Users\Sergamar\AppData\Local\Programs\MiKTeX 2.9\tex/latex/oberdiek\rerunf
ilecheck.sty"
Package: rerunfilecheck 2016/05/16 v1.8 Rerun checks for auxiliary files (HO)
Package uniquecounter Info: New unique counter `rerunfilecheck' on input line 2
82.
)
\Hy@SectionHShift=\skip43
) (Entrega1.1SI.aux
LaTeX Info: Redefining \. on input line 23.
LaTeX Info: Redefining \% on input line 23.
)
\openout1 = `Entrega1.1SI.aux'.

LaTeX Font Info:    Checking defaults for OML/cmm/m/it on input line 12.
LaTeX Font Info:    ... okay on input line 12.
LaTeX Font Info:    Checking defaults for T1/cmr/m/n on input line 12.
LaTeX Font Info:    ... okay on input line 12.
LaTeX Font Info:    Checking defaults for OT1/cmr/m/n on input line 12.
LaTeX Font Info:    ... okay on input line 12.
LaTeX Font Info:    Checking defaults for OMS/cmsy/m/n on input line 12.
LaTeX Font Info:    ... okay on input line 12.
LaTeX Font Info:    Checking defaults for OMX/cmex/m/n on input line 12.
LaTeX Font Info:    ... okay on input line 12.
LaTeX Font Info:    Checking defaults for U/cmr/m/n on input line 12.
LaTeX Font Info:    ... okay on input line 12.
LaTeX Font Info:    Checking defaults for PD1/pdf/m/n on input line 12.
LaTeX Font Info:    ... okay on input line 12.

("A:\Users\Sergamar\AppData\Local\Programs\MiKTeX 2.9\tex/context/base/mkii\sup
p-pdf.mkii"
[Loading MPS to PDF converter (version 2006.09.02).]
\scratchcounter=\count101
\scratchdimen=\dimen110
\scratchbox=\box27
\nofMPsegments=\count102
\nofMParguments=\count103
\everyMPshowfont=\toks18
\MPscratchCnt=\count104
\MPscratchDim=\dimen111
\MPnumerator=\count105
\makeMPintoPDFobject=\count106
\everyMPtoPDFconversion=\toks19
)
("A:\Users\Sergamar\AppData\Local\Programs\MiKTeX 2.9\tex/latex/oberdiek\epstop
df-base.sty"
Package: epstopdf-base 2016/05/15 v2.6 Base part for package epstopdf

("A:\Users\Sergamar\AppData\Local\Programs\MiKTeX 2.9\tex/latex/oberdiek\grfext
.sty"
Package: grfext 2016/05/16 v1.2 Manage graphics extensions (HO)
)
Package epstopdf-base Info: Redefining graphics rule for `.eps' on input line 4
38.
Package grfext Info: Graphics extension search list:
(grfext)             [.pdf,.png,.jpg,.mps,.jpeg,.jbig2,.jb2,.PDF,.PNG,.JPG,.JPE
G,.JBIG2,.JB2,.eps]
(grfext)             \AppendGraphicsExtensions on input line 456.
)
LaTeX Info: Redefining \. on input line 12.
LaTeX Info: Redefining \% on input line 12.
\AtBeginShipoutBox=\box28
Package hyperref Info: Link coloring OFF on input line 12.

("A:\Users\Sergamar\AppData\Local\Programs\MiKTeX 2.9\tex/latex/hyperref\namere
f.sty"
Package: nameref 2016/05/21 v2.44 Cross-referencing by name of section

("A:\Users\Sergamar\AppData\Local\Programs\MiKTeX 2.9\tex/generic/oberdiek\gett
itlestring.sty"
Package: gettitlestring 2016/05/16 v1.5 Cleanup title references (HO)
)
\c@section@level=\count107
)
LaTeX Info: Redefining \ref on input line 12.
LaTeX Info: Redefining \pageref on input line 12.
LaTeX Info: Redefining \nameref on input line 12.
 (Entrega1.1SI.out) (Entrega1.1SI.out)
\@outlinefile=\write3
\openout3 = `Entrega1.1SI.out'.

LaTeX Font Info:    External font `cmex10' loaded for size
(Font)              <12> on input line 15.
LaTeX Font Info:    External font `cmex10' loaded for size
(Font)              <8> on input line 15.
LaTeX Font Info:    External font `cmex10' loaded for size
(Font)              <6> on input line 15.
 [1

{C:/Users/Sergamar/AppData/Local/MiKTeX/2.9/pdftex/config/pdftex.map}]
<mockup/WebMap.jpg, id=43, 1686.3pt x 2567.5925pt>
File: mockup/WebMap.jpg Graphic file (type jpg)
<use mockup/WebMap.jpg>
Package pdftex.def Info: mockup/WebMap.jpg  used on input line 24.
(pdftex.def)             Requested size: 303.5209pt x 462.14671pt.
 [2 <./mockup/WebMap.jpg>]
<mockup/PaginaPrincipal.png, id=51, 667.74469pt x 502.12593pt>
File: mockup/PaginaPrincipal.png Graphic file (type png)
<use mockup/PaginaPrincipal.png>
Package pdftex.def Info: mockup/PaginaPrincipal.png  used on input line 30.
(pdftex.def)             Requested size: 333.87152pt x 251.06235pt.
<mockup/LogIn.png, id=52, 665.48625pt x 502.12593pt>
File: mockup/LogIn.png Graphic file (type png)
<use mockup/LogIn.png>
Package pdftex.def Info: mockup/LogIn.png  used on input line 31.
(pdftex.def)             Requested size: 332.74231pt x 251.06235pt.
<mockup/Registro.png, id=53, 668.4975pt x 502.87875pt>
File: mockup/Registro.png Graphic file (type png)
<use mockup/Registro.png>
Package pdftex.def Info: mockup/Registro.png  used on input line 32.
(pdftex.def)             Requested size: 334.24792pt x 251.43875pt.
<mockup/Lista.jpeg, id=54, 804.00375pt x 602.25pt>
File: mockup/Lista.jpeg Graphic file (type jpg)
<use mockup/Lista.jpeg>
Package pdftex.def Info: mockup/Lista.jpeg  used on input line 33.
(pdftex.def)             Requested size: 321.59581pt x 240.89572pt.
<mockup/DetallePelicula.png, id=55, 667.74469pt x 502.12593pt>
File: mockup/DetallePelicula.png Graphic file (type png)
<use mockup/DetallePelicula.png>
Package pdftex.def Info: mockup/DetallePelicula.png  used on input line 34.
(pdftex.def)             Requested size: 333.87152pt x 251.06235pt.
<mockup/Historial.jpeg, id=56, 804.00375pt x 603.25375pt>
File: mockup/Historial.jpeg Graphic file (type jpg)
<use mockup/Historial.jpeg>
Package pdftex.def Info: mockup/Historial.jpeg  used on input line 35.
(pdftex.def)             Requested size: 321.59581pt x 241.29723pt.
<mockup/Carrito.jpeg, id=57, 800.9925pt x 603.25375pt>
File: mockup/Carrito.jpeg Graphic file (type jpg)
<use mockup/Carrito.jpeg>
Package pdftex.def Info: mockup/Carrito.jpeg  used on input line 36.
(pdftex.def)             Requested size: 320.39133pt x 241.29723pt.

[3 <./mockup/PaginaPrincipal.png>] [4 <./mockup/LogIn.png> <./mockup/Registro.p
ng>] [5 <./mockup/Lista.jpeg> <./mockup/DetallePelicula.png>] [6 <./mockup/Hist
orial.jpeg> <./mockup/Carrito.jpeg>] [7] [8]
<html/Menu.png, id=89, 1863.96375pt x 943.525pt>
File: html/Menu.png Graphic file (type png)
<use html/Menu.png>
Package pdftex.def Info: html/Menu.png  used on input line 105.
(pdftex.def)             Requested size: 372.78615pt x 188.70164pt.
<html/Login.png, id=90, 1849.91125pt x 954.56625pt>
File: html/Login.png Graphic file (type png)
<use html/Login.png>
Package pdftex.def Info: html/Login.png  used on input line 106.
(pdftex.def)             Requested size: 369.9757pt x 190.90987pt.
<html/Registro.png, id=91, 1849.91125pt x 954.56625pt>
File: html/Registro.png Graphic file (type png)
<use html/Registro.png>
Package pdftex.def Info: html/Registro.png  used on input line 107.
(pdftex.def)             Requested size: 369.9757pt x 190.90987pt.
<html/Historial.png, id=92, 1849.91125pt x 954.56625pt>
File: html/Historial.png Graphic file (type png)
<use html/Historial.png>
Package pdftex.def Info: html/Historial.png  used on input line 108.
(pdftex.def)             Requested size: 369.9757pt x 190.90987pt.
<html/Busqueda.png, id=93, 1849.91125pt x 954.56625pt>
File: html/Busqueda.png Graphic file (type png)
<use html/Busqueda.png>
Package pdftex.def Info: html/Busqueda.png  used on input line 109.
(pdftex.def)             Requested size: 369.9757pt x 190.90987pt.
<html/Detalle.png, id=94, 1849.91125pt x 954.56625pt>
File: html/Detalle.png Graphic file (type png)
<use html/Detalle.png>
Package pdftex.def Info: html/Detalle.png  used on input line 110.
(pdftex.def)             Requested size: 369.9757pt x 190.90987pt.
<html/DetalleL.png, id=95, 1849.91125pt x 954.56625pt>
File: html/DetalleL.png Graphic file (type png)
<use html/DetalleL.png>
Package pdftex.def Info: html/DetalleL.png  used on input line 111.
(pdftex.def)             Requested size: 369.9757pt x 190.90987pt.

Overfull \hbox (27.78615pt too wide) in paragraph at lines 104--112
[]
 []


Overfull \hbox (24.9757pt too wide) in paragraph at lines 104--112
[]
 []


Overfull \hbox (24.9757pt too wide) in paragraph at lines 104--112
[]
 []


Overfull \hbox (24.9757pt too wide) in paragraph at lines 104--112
[]
 []


Overfull \hbox (24.9757pt too wide) in paragraph at lines 104--112
[]
 []


Overfull \hbox (24.9757pt too wide) in paragraph at lines 104--112
[]
 []


Overfull \hbox (24.9757pt too wide) in paragraph at lines 104--112
[] 
 []

[9] [10 <./html/Menu.png> <./html/Login.png>] [11 <./html/Registro.png> <./html
/Historial.png>] [12 <./html/Busqueda.png> <./html/Detalle.png>]
Package atveryend Info: Empty hook `BeforeClearDocument' on input line 122.
 [13 <./html/DetalleL.png>]
Package atveryend Info: Empty hook `AfterLastShipout' on input line 122.
 (Entrega1.1SI.aux
LaTeX Info: Redefining \. on input line 23.
LaTeX Info: Redefining \% on input line 23.
)
Package atveryend Info: Executing hook `AtVeryEndDocument' on input line 122.
Package atveryend Info: Executing hook `AtEndAfterFileList' on input line 122.
Package rerunfilecheck Info: File `Entrega1.1SI.out' has not changed.
(rerunfilecheck)             Checksum: 0E91C6F1921D56901C38B361361B116E;458.
Package atveryend Info: Empty hook `AtVeryVeryEnd' on input line 122.
 ) 
Here is how much of TeX's memory you used:
 6011 strings out of 492946
 89957 string characters out of 3124935
 189604 words of memory out of 3000000
 9838 multiletter control sequences out of 15000+200000
 7934 words of font info for 28 fonts, out of 3000000 for 9000
 1141 hyphenation exceptions out of 8191
 28i,7n,31p,835b,416s stack positions out of 5000i,500n,10000p,200000b,50000s
<A:/Users/Sergamar/AppData/Local/Programs/MiKTeX 2.9/fonts/type1/public/amsfo
nts/cm/cmbx10.pfb><A:/Users/Sergamar/AppData/Local/Programs/MiKTeX 2.9/fonts/ty
pe1/public/amsfonts/cm/cmbx12.pfb><A:/Users/Sergamar/AppData/Local/Programs/MiK
TeX 2.9/fonts/type1/public/amsfonts/cm/cmr10.pfb><A:/Users/Sergamar/AppData/Loc
al/Programs/MiKTeX 2.9/fonts/type1/public/amsfonts/cm/cmr12.pfb><A:/Users/Serga
mar/AppData/Local/Programs/MiKTeX 2.9/fonts/type1/public/amsfonts/cm/cmr17.pfb>
<A:/Users/Sergamar/AppData/Local/Programs/MiKTeX 2.9/fonts/type1/public/amsfont
s/cm/cmti10.pfb>
Output written on Entrega1.1SI.pdf (13 pages, 2318145 bytes).
PDF statistics:
 153 PDF objects out of 1000 (max. 8388607)
 22 named destinations out of 1000 (max. 500000)
 140 words of extra memory for PDF output out of 10000 (max. 10000000)

